Determining if the pthread_create exist failed with the following output:
Change Dir: /home/percy/Challenge/soundprocess/build-naoqi-sdk/CMakeFiles/CMakeTmp

Run Build Command:/usr/bin/make "cmTryCompileExec2957455273/fast"
/usr/bin/make -f CMakeFiles/cmTryCompileExec2957455273.dir/build.make CMakeFiles/cmTryCompileExec2957455273.dir/build
make[1]: Entering directory `/home/percy/Challenge/soundprocess/build-naoqi-sdk/CMakeFiles/CMakeTmp'
/usr/bin/cmake -E cmake_progress_report /home/percy/Challenge/soundprocess/build-naoqi-sdk/CMakeFiles/CMakeTmp/CMakeFiles 1
Building C object CMakeFiles/cmTryCompileExec2957455273.dir/CheckSymbolExists.c.o
/usr/bin/cc    -o CMakeFiles/cmTryCompileExec2957455273.dir/CheckSymbolExists.c.o   -c /home/percy/Challenge/soundprocess/build-naoqi-sdk/CMakeFiles/CMakeTmp/CheckSymbolExists.c
Linking C executable cmTryCompileExec2957455273
/usr/bin/cmake -E cmake_link_script CMakeFiles/cmTryCompileExec2957455273.dir/link.txt --verbose=1
/usr/bin/cc         CMakeFiles/cmTryCompileExec2957455273.dir/CheckSymbolExists.c.o  -o cmTryCompileExec2957455273 -rdynamic 
CMakeFiles/cmTryCompileExec2957455273.dir/CheckSymbolExists.c.o: In function `main':
CheckSymbolExists.c:(.text+0xa): undefined reference to `pthread_create'
collect2: error: ld returned 1 exit status
make[1]: *** [cmTryCompileExec2957455273] Error 1
make[1]: Leaving directory `/home/percy/Challenge/soundprocess/build-naoqi-sdk/CMakeFiles/CMakeTmp'
make: *** [cmTryCompileExec2957455273/fast] Error 2

File /home/percy/Challenge/soundprocess/build-naoqi-sdk/CMakeFiles/CMakeTmp/CheckSymbolExists.c:
/* */
#include <pthread.h>

int main(int argc, char** argv)
{
  (void)argv;
#ifndef pthread_create
  return ((int*)(&pthread_create))[argc];
#else
  (void)argc;
  return 0;
#endif
}

Determining if the function pthread_create exists in the pthreads failed with the following output:
Change Dir: /home/percy/Challenge/soundprocess/build-naoqi-sdk/CMakeFiles/CMakeTmp

Run Build Command:/usr/bin/make "cmTryCompileExec166983174/fast"
/usr/bin/make -f CMakeFiles/cmTryCompileExec166983174.dir/build.make CMakeFiles/cmTryCompileExec166983174.dir/build
make[1]: Entering directory `/home/percy/Challenge/soundprocess/build-naoqi-sdk/CMakeFiles/CMakeTmp'
/usr/bin/cmake -E cmake_progress_report /home/percy/Challenge/soundprocess/build-naoqi-sdk/CMakeFiles/CMakeTmp/CMakeFiles 1
Building C object CMakeFiles/cmTryCompileExec166983174.dir/CheckFunctionExists.c.o
/usr/bin/cc   -DCHECK_FUNCTION_EXISTS=pthread_create   -o CMakeFiles/cmTryCompileExec166983174.dir/CheckFunctionExists.c.o   -c /usr/share/cmake-2.8/Modules/CheckFunctionExists.c
Linking C executable cmTryCompileExec166983174
/usr/bin/cmake -E cmake_link_script CMakeFiles/cmTryCompileExec166983174.dir/link.txt --verbose=1
/usr/bin/cc     -DCHECK_FUNCTION_EXISTS=pthread_create    CMakeFiles/cmTryCompileExec166983174.dir/CheckFunctionExists.c.o  -o cmTryCompileExec166983174 -rdynamic -lpthreads 
/usr/bin/ld: cannot find -lpthreads
collect2: error: ld returned 1 exit status
make[1]: *** [cmTryCompileExec166983174] Error 1
make[1]: Leaving directory `/home/percy/Challenge/soundprocess/build-naoqi-sdk/CMakeFiles/CMakeTmp'
make: *** [cmTryCompileExec166983174/fast] Error 2


